1660728770273	geckodriver	INFO	Listening on 127.0.0.1:64528
1660728773293	mozrunner::runner	INFO	Running command: "C:\\Program Files\\Mozilla Firefox\\firefox.exe" "--marionette" "--remote-debugging-port" "64529" "--remote-allow-hosts" "localhost" "-no-remote" "-profile" "C:\\Users\\PRAJIT~1\\AppData\\Local\\Temp\\rust_mozprofilezvPJaj"
Can't find symbol 'eglSwapBuffersWithDamageEXT'.
Can't find symbol 'eglSetDamageRegionKHR'.
console.warn: SearchSettings: "get: No settings file exists, new profile?" (new Error("", "(unknown module)"))
1660728783094	Marionette	INFO	Listening on port 64534
1660728783458	Marionette	WARN	TLS certificate errors will be ignored for this session
JavaScript error: resource://gre/modules/PartitioningExceptionListService.jsm, line 69: NS_ERROR_MALFORMED_URI: Component returned failure code: 0x804b000a (NS_ERROR_MALFORMED_URI) [nsIPartitioningExceptionListObserver.onExceptionListUpdate]
1660728795459	Marionette	INFO	Stopped listening on port 64534

###!!! [Child][RunMessage] Error: Channel closing: too late to send/recv, messages will be lost

1666789288081	geckodriver	INFO	Listening on 127.0.0.1:59000
1666789291015	mozrunner::runner	INFO	Running command: "C:\\Program Files\\Mozilla Firefox\\firefox.exe" "--marionette" "--remote-debugging-port" "59001" "--remote-allow-hosts" "localhost" "-no-remote" "-profile" "C:\\Users\\PRAJIT~1\\AppData\\Local\\Temp\\rust_mozprofileOVH1NL"
Can't find symbol 'eglSwapBuffersWithDamageEXT'.
Can't find symbol 'eglSetDamageRegionKHR'.
console.warn: SearchSettings: "get: No settings file exists, new profile?" (new Error("", "(unknown module)"))
1666789303842	Marionette	INFO	Listening on port 59013
1666789304268	Marionette	WARN	TLS certificate errors will be ignored for this session
JavaScript error: resource://gre/modules/PartitioningExceptionListService.jsm, line 69: NS_ERROR_MALFORMED_URI: Component returned failure code: 0x804b000a (NS_ERROR_MALFORMED_URI) [nsIPartitioningExceptionListObserver.onExceptionListUpdate]
JavaScript warning: https://www.yatra.com/uoWLdIKz4/mew0a/BHkA/uDiczSSb3zih/NkU-MiM/ew5lKHs/mfVUB, line 1: unreachable code after return statement
Can't find symbol 'eglSwapBuffersWithDamageEXT'.
Can't find symbol 'eglSetDamageRegionKHR'.
1666789309680	Marionette	WARN	Ignoring event 'pageshow' because document has an invalid readyState of 'interactive'.
1666789380850	Marionette	INFO	Stopped listening on port 59013

###!!! [Child][RunMessage] Error: Channel closing: too late to send/recv, messages will be lost

